<?xml version="1.0" encoding="UTF-8"?>
<!-- Generated by org.testng.reporters.JUnitReportReporter -->
<testsuite hostname="Vikas-Prabhakaran" failures="0" tests="7" name="hrmsProject.mavenProject1.ResetPasswordTest" time="41.812" errors="0" timestamp="2024-12-03T14:25:30 IST" skipped="0">
  <testcase classname="hrmsProject.mavenProject1.ResetPasswordTest" name="resetPasswordPageLogo" time="2.978"/>
  <testcase classname="hrmsProject.mavenProject1.ResetPasswordTest" name="resetPasswordPageTitle" time="3.423"/>
  <testcase classname="hrmsProject.mavenProject1.ResetPasswordTest" name="goBackToLogin" time="5.312"/>
  <testcase classname="hrmsProject.mavenProject1.ResetPasswordTest" name="resetPwdRequiredfieldAlertMessage" time="7.052"/>
  <testcase classname="hrmsProject.mavenProject1.ResetPasswordTest" name="invalidEmailID" time="8.477"/>
  <testcase classname="hrmsProject.mavenProject1.ResetPasswordTest" name="clickCancelButtonWhichIsInTheErrorPopup" time="9.044"/>
  <testcase classname="hrmsProject.mavenProject1.ResetPasswordTest" name="forgotPassword" time="5.526"/>
</testsuite> <!-- hrmsProject.mavenProject1.ResetPasswordTest -->
