<?xml version="1.0" encoding="UTF-8"?>
<!-- Generated by org.testng.reporters.JUnitReportReporter -->
<testsuite hostname="Vikas-Prabhakaran" failures="0" tests="9" name="hrmsProject.mavenProject1.HrmsLoginTest" time="15.779" errors="0" timestamp="2024-11-20T10:28:38 IST" skipped="0">
  <testcase classname="hrmsProject.mavenProject1.HrmsLoginTest" name="logo" time="0.222"/>
  <system-out/>
  <testcase classname="hrmsProject.mavenProject1.HrmsLoginTest" name="loginPageLogo" time="0.042"/>
  <system-out/>
  <testcase classname="hrmsProject.mavenProject1.HrmsLoginTest" name="loginPageTitle" time="0.074"/>
  <system-out/>
  <testcase classname="hrmsProject.mavenProject1.HrmsLoginTest" name="imageInTheLoginPage" time="0.077"/>
  <system-out/>
  <testcase classname="hrmsProject.mavenProject1.HrmsLoginTest" name="keepMeLoggedIn" time="0.274"/>
  <system-out/>
  <testcase classname="hrmsProject.mavenProject1.HrmsLoginTest" name="forgotPasswordDisplayed" time="0.074"/>
  <system-out/>
  <testcase classname="hrmsProject.mavenProject1.HrmsLoginTest" name="showPasswordIcon" time="6.955"/>
  <system-out/>
  <testcase classname="hrmsProject.mavenProject1.HrmsLoginTest" name="invalidCredentials" time="2.426"/>
  <system-out/>
  <testcase classname="hrmsProject.mavenProject1.HrmsLoginTest" name="validCredentials" time="5.635"/>
  <system-out/>
</testsuite> <!-- hrmsProject.mavenProject1.HrmsLoginTest -->
