<?xml version="1.0" encoding="UTF-8"?>
<!-- Generated by org.testng.reporters.JUnitReportReporter -->
<testsuite hostname="Vikas-Prabhakaran" failures="0" tests="7" name="hrmsProject.mavenProject1.ResetPasswordTest" time="39.036" errors="0" timestamp="2024-11-20T10:28:38 IST" skipped="0">
  <testcase classname="hrmsProject.mavenProject1.ResetPasswordTest" name="resetPasswordPageLogo" time="1.714"/>
  <system-out/>
  <testcase classname="hrmsProject.mavenProject1.ResetPasswordTest" name="resetPasswordPageTitle" time="3.437"/>
  <system-out/>
  <testcase classname="hrmsProject.mavenProject1.ResetPasswordTest" name="goBackToLogin" time="7.697"/>
  <system-out/>
  <testcase classname="hrmsProject.mavenProject1.ResetPasswordTest" name="resetPwdRequiredfieldAlertMessage" time="5.983"/>
  <system-out/>
  <testcase classname="hrmsProject.mavenProject1.ResetPasswordTest" name="invalidEmailID" time="6.547"/>
  <system-out/>
  <testcase classname="hrmsProject.mavenProject1.ResetPasswordTest" name="clickCancelButtonWhichIsInTheErrorPopup" time="8.580"/>
  <system-out/>
  <testcase classname="hrmsProject.mavenProject1.ResetPasswordTest" name="forgotPassword" time="5.078"/>
  <system-out/>
</testsuite> <!-- hrmsProject.mavenProject1.ResetPasswordTest -->
